<?xml version="1.0" encoding="UTF-8"?>
<!-- Generated by org.testng.reporters.JUnitXMLReporter -->
<testsuite ignored="1" hostname="DESKTOP-KKPJ5RQ" failures="0" tests="2" name="Test2" time="6.366" errors="0" timestamp="2023-09-08T10:35:52 IST">
  <testcase classname="com.Test.KIIJKSluiter_WelcomePage" name="verifyKIJKSluiterPage" time="0.0">
    <skipped/>
  </testcase> <!-- verifyKIJKSluiterPage -->
  <testcase classname="com.Test.KIIJKSluiter_WelcomePage" name="verifyLoginPage" time="0.001">
    <skipped/>
  </testcase> <!-- verifyLoginPage -->
  <testcase classname="com.Test.KIIJKSluiter_WelcomePage" name="verifyMedicinePage" time="0.0">
    <ignored/>
  </testcase> <!-- verifyMedicinePage -->
</testsuite> <!-- Test2 -->
