<?xml version="1.0" encoding="UTF-8"?>
<!-- Generated by org.testng.reporters.JUnitXMLReporter -->
<testsuite ignored="2" hostname="DESKTOP-KKPJ5RQ" failures="0" tests="1" name="Test" time="94.794" errors="0" timestamp="2023-09-05T14:52:32 IST">
  <testcase classname="com.Test.KIIJKSluiter_WelcomePage" name="verifyKIJKSluiterPage" time="67.372"/>
  <testcase classname="com.Test.KIIJKSluiter_WelcomePage" name="verifyMedicinePage" time="0.0">
    <ignored/>
  </testcase> <!-- verifyMedicinePage -->
  <testcase classname="com.Test.KIIJKSluiter_WelcomePage" name="verifyLoginPage" time="0.0">
    <ignored/>
  </testcase> <!-- verifyLoginPage -->
</testsuite> <!-- Test -->
