<?xml version="1.0" encoding="UTF-8"?>
<!-- Generated by org.testng.reporters.JUnitXMLReporter -->
<testsuite ignored="1" hostname="DESKTOP-KKPJ5RQ" failures="1" tests="5" name="Test1" time="523.726" errors="0" timestamp="2023-09-08T10:35:46 IST">
  <testcase classname="com.Test.KIIJKSluiter_WelcomePage" name="verifyKIJKSluiterPage" time="81.695"/>
  <testcase classname="com.Test.KIIJKSluiter_WelcomePage" name="verifyLoginPage" time="84.563">
    <skipped/>
  </testcase> <!-- verifyLoginPage -->
  <testcase classname="com.Test.KIIJKSluiter_WelcomePage" name="verifyLoginPage" time="72.65">
    <skipped/>
  </testcase> <!-- verifyLoginPage -->
  <testcase classname="com.Test.KIIJKSluiter_WelcomePage" name="verifyLoginPage" time="73.825">
    <skipped/>
  </testcase> <!-- verifyLoginPage -->
  <testcase classname="com.Test.KIIJKSluiter_WelcomePage" name="verifyLoginPage" time="67.822">
    <failure type="java.lang.AssertionError" message="expected [xyz] but found [Kijksluiter]">
      <![CDATA[java.lang.AssertionError: expected [xyz] but found [Kijksluiter]
at com.Utility.Library.custom_AssertStringEquals(Library.java:51)
at com.Test.KIIJKSluiter_WelcomePage.verifyLoginPage(KIIJKSluiter_WelcomePage.java:100)
at java.base/java.util.ArrayList.forEach(ArrayList.java:1541)
... Removed 33 stack frames]]>
    </failure>
  </testcase> <!-- verifyLoginPage -->
  <testcase classname="com.Test.KIIJKSluiter_WelcomePage" name="verifyMedicinePage" time="0.0">
    <ignored/>
  </testcase> <!-- verifyMedicinePage -->
</testsuite> <!-- Test1 -->
